1536812657786	geckodriver	INFO	geckodriver 0.21.0
1536812657792	geckodriver	INFO	Listening on 127.0.0.1:63252
1536812658810	mozrunner::runner	INFO	Running command: "/Applications/Firefox.app/Contents/MacOS/firefox-bin" "-marionette" "-foreground" "-no-remote" "-profile" "/var/folders/pv/7z7zm7xn3l1127r85tgf0zlh0000gn/T/rust_mozprofile.yivQHsZLHAzg"
2018-09-12 21:24:25.921 plugin-container[13318:152340] *** CFMessagePort: bootstrap_register(): failed 1100 (0x44c) 'Permission denied', port = 0x8b03, name = 'com.apple.tsm.portname'
See /usr/include/servers/bootstrap_defs.h for the error codes.
2018-09-12 21:24:25.991 plugin-container[13318:152340] *** CFMessagePort: bootstrap_register(): failed 1100 (0x44c) 'Permission denied', port = 0x8b9b, name = 'com.apple.coredrag'
See /usr/include/servers/bootstrap_defs.h for the error codes.
2018-09-12 21:24:26.165 plugin-container[13319:152377] *** CFMessagePort: bootstrap_register(): failed 1100 (0x44c) 'Permission denied', port = 0x7f03, name = 'com.apple.tsm.portname'
See /usr/include/servers/bootstrap_defs.h for the error codes.
2018-09-12 21:24:26.231 plugin-container[13319:152377] *** CFMessagePort: bootstrap_register(): failed 1100 (0x44c) 'Permission denied', port = 0x7f9b, name = 'com.apple.coredrag'
See /usr/include/servers/bootstrap_defs.h for the error codes.
1536812666368	Marionette	INFO	Listening on port 63263
1536812666452	Marionette	WARN	TLS certificate errors will be ignored for this session
1536812666485	Marionette	DEBUG	[4294967297] Frame script loaded
1536812666490	Marionette	DEBUG	[4294967297] Frame script registered
1536812666509	Marionette	DEBUG	[4294967297] Received DOM event beforeunload for about:blank
1536812666524	Marionette	DEBUG	[4294967297] Received DOM event pagehide for about:blank
1536812666532	Marionette	DEBUG	[4294967297] Received DOM event DOMContentLoaded for http://localhost:8000/
1536812666681	Marionette	DEBUG	[4294967297] Received DOM event pageshow for http://localhost:8000/
2018-09-12 21:24:26.961 plugin-container[13324:152549] *** CFMessagePort: bootstrap_register(): failed 1100 (0x44c) 'Permission denied', port = 0x8b43, name = 'com.apple.tsm.portname'
See /usr/include/servers/bootstrap_defs.h for the error codes.
2018-09-12 21:24:27.041 plugin-container[13324:152549] *** CFMessagePort: bootstrap_register(): failed 1100 (0x44c) 'Permission denied', port = 0x8bdf, name = 'com.apple.coredrag'
See /usr/include/servers/bootstrap_defs.h for the error codes.
1536812733433	Marionette	INFO	Stopped listening on port 63263
1536856245296	geckodriver	INFO	geckodriver 0.21.0
1536856245305	geckodriver	INFO	Listening on 127.0.0.1:64581
1536856246324	mozrunner::runner	INFO	Running command: "/Applications/Firefox.app/Contents/MacOS/firefox-bin" "-marionette" "-foreground" "-no-remote" "-profile" "/var/folders/pv/7z7zm7xn3l1127r85tgf0zlh0000gn/T/rust_mozprofile.sMaXhI1yol8e"
2018-09-13 09:30:53.747 plugin-container[14319:181337] *** CFMessagePort: bootstrap_register(): failed 1100 (0x44c) 'Permission denied', port = 0x8b43, name = 'com.apple.tsm.portname'
See /usr/include/servers/bootstrap_defs.h for the error codes.
2018-09-13 09:30:53.895 plugin-container[14319:181337] *** CFMessagePort: bootstrap_register(): failed 1100 (0x44c) 'Permission denied', port = 0x8bd7, name = 'com.apple.coredrag'
See /usr/include/servers/bootstrap_defs.h for the error codes.
2018-09-13 09:30:54.003 plugin-container[14320:181390] *** CFMessagePort: bootstrap_register(): failed 1100 (0x44c) 'Permission denied', port = 0x873b, name = 'com.apple.tsm.portname'
See /usr/include/servers/bootstrap_defs.h for the error codes.
2018-09-13 09:30:54.067 plugin-container[14320:181390] *** CFMessagePort: bootstrap_register(): failed 1100 (0x44c) 'Permission denied', port = 0x8757, name = 'com.apple.coredrag'
See /usr/include/servers/bootstrap_defs.h for the error codes.
1536856254264	Marionette	INFO	Listening on port 64592
1536856254316	Marionette	WARN	TLS certificate errors will be ignored for this session
1536856254349	Marionette	DEBUG	[4294967297] Frame script loaded
1536856254349	Marionette	DEBUG	[4294967297] Frame script registered
1536856254363	Marionette	DEBUG	[4294967297] Received DOM event beforeunload for about:blank
1536856254421	Marionette	DEBUG	[4294967297] Received DOM event pagehide for about:blank
1536856254429	Marionette	DEBUG	[4294967297] Received DOM event DOMContentLoaded for http://localhost:8000/
1536856254541	Marionette	DEBUG	[4294967297] Received DOM event pageshow for http://localhost:8000/
2018-09-13 09:30:54.729 plugin-container[14321:181561] *** CFMessagePort: bootstrap_register(): failed 1100 (0x44c) 'Permission denied', port = 0x7a37, name = 'com.apple.tsm.portname'
See /usr/include/servers/bootstrap_defs.h for the error codes.
2018-09-13 09:30:54.791 plugin-container[14321:181561] *** CFMessagePort: bootstrap_register(): failed 1100 (0x44c) 'Permission denied', port = 0x7a53, name = 'com.apple.coredrag'
See /usr/include/servers/bootstrap_defs.h for the error codes.
1536856274993	Marionette	INFO	Stopped listening on port 64592
1536857329648	geckodriver	INFO	geckodriver 0.21.0
1536857329654	geckodriver	INFO	Listening on 127.0.0.1:65054
1536857330670	mozrunner::runner	INFO	Running command: "/Applications/Firefox.app/Contents/MacOS/firefox-bin" "-marionette" "-foreground" "-no-remote" "-profile" "/var/folders/pv/7z7zm7xn3l1127r85tgf0zlh0000gn/T/rust_mozprofile.o24sdSsNrndR"
2018-09-13 09:48:51.746 plugin-container[14564:192041] *** CFMessagePort: bootstrap_register(): failed 1100 (0x44c) 'Permission denied', port = 0x7743, name = 'com.apple.tsm.portname'
See /usr/include/servers/bootstrap_defs.h for the error codes.
2018-09-13 09:48:51.813 plugin-container[14564:192041] *** CFMessagePort: bootstrap_register(): failed 1100 (0x44c) 'Permission denied', port = 0x775f, name = 'com.apple.coredrag'
See /usr/include/servers/bootstrap_defs.h for the error codes.
2018-09-13 09:48:51.964 plugin-container[14565:192071] *** CFMessagePort: bootstrap_register(): failed 1100 (0x44c) 'Permission denied', port = 0x7e03, name = 'com.apple.tsm.portname'
See /usr/include/servers/bootstrap_defs.h for the error codes.
2018-09-13 09:48:52.030 plugin-container[14565:192071] *** CFMessagePort: bootstrap_register(): failed 1100 (0x44c) 'Permission denied', port = 0x7e23, name = 'com.apple.coredrag'
See /usr/include/servers/bootstrap_defs.h for the error codes.
1536857332210	Marionette	INFO	Listening on port 65065
1536857332311	Marionette	WARN	TLS certificate errors will be ignored for this session
1536857332345	Marionette	DEBUG	[4294967297] Frame script loaded
1536857332346	Marionette	DEBUG	[4294967297] Frame script registered
1536857332360	Marionette	DEBUG	[4294967297] Received DOM event beforeunload for about:blank
1536857332369	Marionette	DEBUG	[4294967297] Received DOM event pagehide for about:blank
1536857332377	Marionette	DEBUG	[4294967297] Received DOM event DOMContentLoaded for http://localhost:8000/
1536857332456	Marionette	DEBUG	[4294967297] Received DOM event pageshow for http://localhost:8000/
1536857332462	Marionette	INFO	Stopped listening on port 65065
1536857332492	addons.xpi	WARN	Exception running bootstrap method shutdown on activity-stream@mozilla.org: TypeError: setting getter-only property "_currentSearchHostname" (resource://activity-stream/lib/TopSitesFeed.jsm:86:5) JS Stack trace: uninit@TopSitesFeed.jsm:86:5
onAction@TopSitesFeed.jsm:707:9
_middleware/</<@Store.jsm:51:11
Store/this[method]@Store.jsm:29:55
uninit@Store.jsm:170:7
uninit@ActivityStream.jsm:363:5
uninit@resource://gre/modules/addons/XPIProvider.jsm -> jar:file:///Applications/Firefox.app/Contents/Resources/browser/features/activity-stream@bootstrap.js:86:5
shutdown@resource://gre/modules/addons/XPIProvider.jsm -> jar:file:///Applications/Firefox.app/Contents/Resources/browser/features/activity-stream@bootstrap.js:194:3
callBootstrapMethod@XPIProvider.jsm:1588:20
_shutdown@XPIProvider.jsm:1724:12
flushAllWindowsAsync@SessionStore.jsm:1697:7
ssi_onQuitApplicationGranted/<@SessionStore.jsm:1624:27
trigger@AsyncShutdown.jsm:710:23
_wait@AsyncShutdown.jsm:857:7
wait@AsyncShutdown.jsm:841:28
observe@AsyncShutdown.jsm:524:17
GeckoDriver.prototype.quit@driver.js:3319:3
despatch@server.js:297:20
execute@server.js:271:11
onPacket/<@server.js:246:15
onPacket@server.js:245:8
_onJSONObjectReady/<@transport.js:500:9
1536864014754	geckodriver	INFO	geckodriver 0.21.0
1536864014760	geckodriver	INFO	Listening on 127.0.0.1:50902
1536864015772	mozrunner::runner	INFO	Running command: "/Applications/Firefox.app/Contents/MacOS/firefox-bin" "-marionette" "-foreground" "-no-remote" "-profile" "/var/folders/pv/7z7zm7xn3l1127r85tgf0zlh0000gn/T/rust_mozprofile.v8uEZqjKlqRB"
2018-09-13 11:40:16.864 plugin-container[16371:232602] *** CFMessagePort: bootstrap_register(): failed 1100 (0x44c) 'Permission denied', port = 0x853f, name = 'com.apple.tsm.portname'
See /usr/include/servers/bootstrap_defs.h for the error codes.
2018-09-13 11:40:17.018 plugin-container[16371:232602] *** CFMessagePort: bootstrap_register(): failed 1100 (0x44c) 'Permission denied', port = 0x855b, name = 'com.apple.coredrag'
See /usr/include/servers/bootstrap_defs.h for the error codes.
2018-09-13 11:40:17.060 plugin-container[16372:232632] *** CFMessagePort: bootstrap_register(): failed 1100 (0x44c) 'Permission denied', port = 0x863f, name = 'com.apple.tsm.portname'
See /usr/include/servers/bootstrap_defs.h for the error codes.
2018-09-13 11:40:17.125 plugin-container[16372:232632] *** CFMessagePort: bootstrap_register(): failed 1100 (0x44c) 'Permission denied', port = 0x79a7, name = 'com.apple.coredrag'
See /usr/include/servers/bootstrap_defs.h for the error codes.
1536864017266	Marionette	INFO	Listening on port 50913
1536864017302	Marionette	WARN	TLS certificate errors will be ignored for this session
1536864017335	Marionette	DEBUG	[4294967297] Frame script loaded
1536864017336	Marionette	DEBUG	[4294967297] Frame script registered
1536864017349	Marionette	DEBUG	[4294967297] Received DOM event beforeunload for about:blank
1536864017388	Marionette	DEBUG	[4294967297] Received DOM event pagehide for about:blank
1536864017393	Marionette	DEBUG	[4294967297] Received DOM event DOMContentLoaded for http://localhost:8000/
1536864017425	Marionette	DEBUG	[4294967297] Received DOM event pageshow for http://localhost:8000/
1536864017441	Marionette	INFO	Stopped listening on port 50913
1536864017457	addons.xpi	WARN	Exception running bootstrap method shutdown on activity-stream@mozilla.org: TypeError: setting getter-only property "_currentSearchHostname" (resource://activity-stream/lib/TopSitesFeed.jsm:86:5) JS Stack trace: uninit@TopSitesFeed.jsm:86:5
onAction@TopSitesFeed.jsm:707:9
_middleware/</<@Store.jsm:51:11
Store/this[method]@Store.jsm:29:55
uninit@Store.jsm:170:7
uninit@ActivityStream.jsm:363:5
uninit@resource://gre/modules/addons/XPIProvider.jsm -> jar:file:///Applications/Firefox.app/Contents/Resources/browser/features/activity-stream@bootstrap.js:86:5
shutdown@resource://gre/modules/addons/XPIProvider.jsm -> jar:file:///Applications/Firefox.app/Contents/Resources/browser/features/activity-stream@bootstrap.js:194:3
callBootstrapMethod@XPIProvider.jsm:1588:20
_shutdown@XPIProvider.jsm:1724:12
flushAllWindowsAsync@SessionStore.jsm:1697:7
ssi_onQuitApplicationGranted/<@SessionStore.jsm:1624:27
trigger@AsyncShutdown.jsm:710:23
_wait@AsyncShutdown.jsm:857:7
wait@AsyncShutdown.jsm:841:28
observe@AsyncShutdown.jsm:524:17
GeckoDriver.prototype.quit@driver.js:3319:3
despatch@server.js:297:20
execute@server.js:271:11
onPacket/<@server.js:246:15
onPacket@server.js:245:8
_onJSONObjectReady/<@transport.js:500:9
JavaScript error: resource:///modules/SavantShieldStudy.jsm, line 171: TypeError: this.addonListener is undefined
JavaScript error: resource://gre/modules/Sqlite.jsm, line 841: Error: Connection is not open.
JavaScript error: resource://gre/modules/osfile/osfile_async_front.jsm, line 408: Error: OS.File has been shut down. Rejecting post to DirectoryIterator_prototype_close
JavaScript error: resource://gre/modules/osfile/osfile_async_front.jsm, line 408: Error: OS.File has been shut down. Rejecting post to DirectoryIterator_prototype_close
JavaScript error: resource://gre/modules/ProfileAge.jsm, line 197: Error: Unable to fetch oldest profile entry: Error: OS.File has been shut down. Rejecting post to DirectoryIterator_prototype_next
JavaScript error: resource://gre/modules/ProfileAge.jsm, line 197: Error: Unable to fetch oldest profile entry: Error: OS.File has been shut down. Rejecting post to DirectoryIterator_prototype_next
